<?xml version="1.0" encoding="UTF-8"?>
<!-- Generated by org.testng.reporters.JUnitReportReporter -->
<testsuite hostname="FGBAL041809" failures="0" tests="1" name="feature.login.PrimoLogin" time="47.481" errors="0" timestamp="2021-03-02T15:17:47 CET" skipped="0">
  <testcase classname="feature.login.PrimoLogin" name="loginNuovoNumeroFlowe" time="47.481"/>
  <system-out>
<table style='width: 100%;'> <tr><th colspan="3">Step: Start App</th></tr> <tr> <td style='width: 20%' <div > <a href=C:\Users\valentino.mancino\appium-eclipseWS\appiumtest/appiumScreens/02-03-2021_15-16-30-loginNuovoNumeroFlowe.png target="_blank"><img src='C:\Users\valentino.mancino\appium-eclipseWS\appiumtest/appiumScreens/02-03-2021_15-16-30-loginNuovoNumeroFlowe.png' height='100' width='100' /></a></div> <div><a href=C:\Users\valentino.mancino\appium-eclipseWS\appiumtest/appiumScreens/02-03-2021_15-16-30-loginNuovoNumeroFlowe.png target="_blank">click to open screenshot</a></div> </td> <td>loginNuovoNumeroFlowe </td> <td>Avvio l'applicazione </td> </tr>    </table> <br> <table style='width: 100%;'> <tr><th colspan="3">Step: Login</th></tr> <tr> <td style='width: 20%' <div > <a href=C:\Users\valentino.mancino\appium-eclipseWS\appiumtest/appiumScreens/02-03-2021_15-16-36-loginNuovoNumeroFlowe.png target="_blank"><img src='C:\Users\valentino.mancino\appium-eclipseWS\appiumtest/appiumScreens/02-03-2021_15-16-36-loginNuovoNumeroFlowe.png' height='100' width='100' /></a></div> <div><a href=C:\Users\valentino.mancino\appium-eclipseWS\appiumtest/appiumScreens/02-03-2021_15-16-36-loginNuovoNumeroFlowe.png target="_blank">click to open screenshot</a></div> </td> <td>loginNuovoNumeroFlowe </td> <td>tap ho gia un Account </td> </tr>    </table> <br> <table style='width: 100%;'> <tr><th colspan="3">Step: Autorizzazione SMS</th></tr> <tr> <td style='width: 20%' <div > <a href=C:\Users\valentino.mancino\appium-eclipseWS\appiumtest/appiumScreens/02-03-2021_15-16-38-loginNuovoNumeroFlowe.png target="_blank"><img src='C:\Users\valentino.mancino\appium-eclipseWS\appiumtest/appiumScreens/02-03-2021_15-16-38-loginNuovoNumeroFlowe.png' height='100' width='100' /></a></div> <div><a href=C:\Users\valentino.mancino\appium-eclipseWS\appiumtest/appiumScreens/02-03-2021_15-16-38-loginNuovoNumeroFlowe.png target="_blank">click to open screenshot</a></div> </td> <td>loginNuovoNumeroFlowe </td> <td>OK - autorizza la lettura automatica del codice OTP via SMS </td> </tr>    </table> <br> <table style='width: 100%;'> <tr><th colspan="3">Step: Android Permission</th></tr> <tr> <td style='width: 20%' <div > <a href=C:\Users\valentino.mancino\appium-eclipseWS\appiumtest/appiumScreens/02-03-2021_15-16-40-loginNuovoNumeroFlowe.png target="_blank"><img src='C:\Users\valentino.mancino\appium-eclipseWS\appiumtest/appiumScreens/02-03-2021_15-16-40-loginNuovoNumeroFlowe.png' height='100' width='100' /></a></div> <div><a href=C:\Users\valentino.mancino\appium-eclipseWS\appiumtest/appiumScreens/02-03-2021_15-16-40-loginNuovoNumeroFlowe.png target="_blank">click to open screenshot</a></div> </td> <td>loginNuovoNumeroFlowe </td> <td>accetto i permessi android </td> </tr>    </table> <br> <table style='width: 100%;'> <tr><th colspan="3">Step: Numero Telefonico</th></tr> <tr> <td style='width: 20%' <div > <a href=C:\Users\valentino.mancino\appium-eclipseWS\appiumtest/appiumScreens/02-03-2021_15-16-42-loginNuovoNumeroFlowe.png target="_blank"><img src='C:\Users\valentino.mancino\appium-eclipseWS\appiumtest/appiumScreens/02-03-2021_15-16-42-loginNuovoNumeroFlowe.png' height='100' width='100' /></a></div> <div><a href=C:\Users\valentino.mancino\appium-eclipseWS\appiumtest/appiumScreens/02-03-2021_15-16-42-loginNuovoNumeroFlowe.png target="_blank">click to open screenshot</a></div> </td> <td>loginNuovoNumeroFlowe </td> <td>Inserisco il numero di telefono: 1111110019 </td> </tr>    </table> <br> <table style='width: 100%;'> <tr><th colspan="3">Step: Insert Passcode</th></tr> <tr> <td style='width: 20%' <div > <a href=C:\Users\valentino.mancino\appium-eclipseWS\appiumtest/appiumScreens/02-03-2021_15-16-43-loginNuovoNumeroFlowe.png target="_blank"><img src='C:\Users\valentino.mancino\appium-eclipseWS\appiumtest/appiumScreens/02-03-2021_15-16-43-loginNuovoNumeroFlowe.png' height='100' width='100' /></a></div> <div><a href=C:\Users\valentino.mancino\appium-eclipseWS\appiumtest/appiumScreens/02-03-2021_15-16-43-loginNuovoNumeroFlowe.png target="_blank">click to open screenshot</a></div> </td> <td>loginNuovoNumeroFlowe </td> <td>inserisco il passcode: 00000 </td> </tr>    </table> <br> <table style='width: 100%;'> <tr><th colspan="3">Step: Insert SMS code</th></tr> <tr> <td style='width: 20%' <div > <a href=C:\Users\valentino.mancino\appium-eclipseWS\appiumtest/appiumScreens/02-03-2021_15-16-46-loginNuovoNumeroFlowe.png target="_blank"><img src='C:\Users\valentino.mancino\appium-eclipseWS\appiumtest/appiumScreens/02-03-2021_15-16-46-loginNuovoNumeroFlowe.png' height='100' width='100' /></a></div> <div><a href=C:\Users\valentino.mancino\appium-eclipseWS\appiumtest/appiumScreens/02-03-2021_15-16-46-loginNuovoNumeroFlowe.png target="_blank">click to open screenshot</a></div> </td> <td>loginNuovoNumeroFlowe </td> <td>inserisco il codice ricevuto via SMS: 123456 </td> </tr>    </table> <br> <table style='width: 100%;'> <tr><th colspan="3">Step: FingerPrint</th></tr> <tr> <td style='width: 20%' <div > <a href=C:\Users\valentino.mancino\appium-eclipseWS\appiumtest/appiumScreens/02-03-2021_15-16-49-loginNuovoNumeroFlowe.png target="_blank"><img src='C:\Users\valentino.mancino\appium-eclipseWS\appiumtest/appiumScreens/02-03-2021_15-16-49-loginNuovoNumeroFlowe.png' height='100' width='100' /></a></div> <div><a href=C:\Users\valentino.mancino\appium-eclipseWS\appiumtest/appiumScreens/02-03-2021_15-16-49-loginNuovoNumeroFlowe.png target="_blank">click to open screenshot</a></div> </td> <td>loginNuovoNumeroFlowe </td> <td>Skip Biometric </td> </tr>    </table> <br> <table style='width: 100%;'> <tr><th colspan="3">Step: Banner</th></tr> <tr> <td style='width: 20%' <div > <a href=C:\Users\valentino.mancino\appium-eclipseWS\appiumtest/appiumScreens/02-03-2021_15-16-50-loginNuovoNumeroFlowe.png target="_blank"><img src='C:\Users\valentino.mancino\appium-eclipseWS\appiumtest/appiumScreens/02-03-2021_15-16-50-loginNuovoNumeroFlowe.png' height='100' width='100' /></a></div> <div><a href=C:\Users\valentino.mancino\appium-eclipseWS\appiumtest/appiumScreens/02-03-2021_15-16-50-loginNuovoNumeroFlowe.png target="_blank">click to open screenshot</a></div> </td> <td>loginNuovoNumeroFlowe </td> <td>Skip banner 1 </td> </tr>    </table> <br> <table style='width: 100%;'> <tr><th colspan="3">Step: Banner</th></tr> <tr> <td style='width: 20%' <div > <a href=C:\Users\valentino.mancino\appium-eclipseWS\appiumtest/appiumScreens/02-03-2021_15-16-51-loginNuovoNumeroFlowe.png target="_blank"><img src='C:\Users\valentino.mancino\appium-eclipseWS\appiumtest/appiumScreens/02-03-2021_15-16-51-loginNuovoNumeroFlowe.png' height='100' width='100' /></a></div> <div><a href=C:\Users\valentino.mancino\appium-eclipseWS\appiumtest/appiumScreens/02-03-2021_15-16-51-loginNuovoNumeroFlowe.png target="_blank">click to open screenshot</a></div> </td> <td>loginNuovoNumeroFlowe </td> <td>Skip banner 2 </td> </tr>    </table> <br> <table style='width: 100%;'> <tr><th colspan="3">Step: Banner</th></tr> <tr> <td style='width: 20%' <div > <a href=C:\Users\valentino.mancino\appium-eclipseWS\appiumtest/appiumScreens/02-03-2021_15-16-52-loginNuovoNumeroFlowe.png target="_blank"><img src='C:\Users\valentino.mancino\appium-eclipseWS\appiumtest/appiumScreens/02-03-2021_15-16-52-loginNuovoNumeroFlowe.png' height='100' width='100' /></a></div> <div><a href=C:\Users\valentino.mancino\appium-eclipseWS\appiumtest/appiumScreens/02-03-2021_15-16-52-loginNuovoNumeroFlowe.png target="_blank">click to open screenshot</a></div> </td> <td>loginNuovoNumeroFlowe </td> <td>Skip banner 3 </td> </tr>    </table> <br> <table style='width: 100%;'> <tr><th colspan="3">Step: Money</th></tr> <tr> <td style='width: 20%' <div > <a href=C:\Users\valentino.mancino\appium-eclipseWS\appiumtest/appiumScreens/02-03-2021_15-16-56-loginNuovoNumeroFlowe.png target="_blank"><img src='C:\Users\valentino.mancino\appium-eclipseWS\appiumtest/appiumScreens/02-03-2021_15-16-56-loginNuovoNumeroFlowe.png' height='100' width='100' /></a></div> <div><a href=C:\Users\valentino.mancino\appium-eclipseWS\appiumtest/appiumScreens/02-03-2021_15-16-56-loginNuovoNumeroFlowe.png target="_blank">click to open screenshot</a></div> </td> <td>loginNuovoNumeroFlowe </td> <td>money page (jump) </td> </tr>    </table> <br> <table style='width: 100%;'> <tr><th colspan="3">Step: Security Token Banner</th></tr> <tr> <td style='width: 20%' <div > <a href=C:\Users\valentino.mancino\appium-eclipseWS\appiumtest/appiumScreens/02-03-2021_15-16-57-loginNuovoNumeroFlowe.png target="_blank"><img src='C:\Users\valentino.mancino\appium-eclipseWS\appiumtest/appiumScreens/02-03-2021_15-16-57-loginNuovoNumeroFlowe.png' height='100' width='100' /></a></div> <div><a href=C:\Users\valentino.mancino\appium-eclipseWS\appiumtest/appiumScreens/02-03-2021_15-16-57-loginNuovoNumeroFlowe.png target="_blank">click to open screenshot</a></div> </td> <td>loginNuovoNumeroFlowe </td> <td>Visualizzo il Dialog per il security token </td> </tr>    </table> <br> <table style='width: 100%;'> <tr><th colspan="3">Step: Security Token</th></tr> <tr> <td style='width: 20%' <div > <a href=C:\Users\valentino.mancino\appium-eclipseWS\appiumtest/appiumScreens/02-03-2021_15-17-00-loginNuovoNumeroFlowe.png target="_blank"><img src='C:\Users\valentino.mancino\appium-eclipseWS\appiumtest/appiumScreens/02-03-2021_15-17-00-loginNuovoNumeroFlowe.png' height='100' width='100' /></a></div> <div><a href=C:\Users\valentino.mancino\appium-eclipseWS\appiumtest/appiumScreens/02-03-2021_15-17-00-loginNuovoNumeroFlowe.png target="_blank">click to open screenshot</a></div> </td> <td>loginNuovoNumeroFlowe </td> <td>Insert PassCode: 00000 </td> </tr>    </table> <br> <table style='width: 100%;'> <tr><th colspan="3">Step: Security Token</th></tr> <tr> <td style='width: 20%' <div > <a href=C:\Users\valentino.mancino\appium-eclipseWS\appiumtest/appiumScreens/02-03-2021_15-17-03-loginNuovoNumeroFlowe.png target="_blank"><img src='C:\Users\valentino.mancino\appium-eclipseWS\appiumtest/appiumScreens/02-03-2021_15-17-03-loginNuovoNumeroFlowe.png' height='100' width='100' /></a></div> <div><a href=C:\Users\valentino.mancino\appium-eclipseWS\appiumtest/appiumScreens/02-03-2021_15-17-03-loginNuovoNumeroFlowe.png target="_blank">click to open screenshot</a></div> </td> <td>loginNuovoNumeroFlowe </td> <td>Confirm Security token00000 </td> </tr>    </table> <br> <table style='width: 100%;'> <tr><th colspan="3">Step: Security Token</th></tr> <tr> <td style='width: 20%' <div > <a href=C:\Users\valentino.mancino\appium-eclipseWS\appiumtest/appiumScreens/02-03-2021_15-17-04-loginNuovoNumeroFlowe.png target="_blank"><img src='C:\Users\valentino.mancino\appium-eclipseWS\appiumtest/appiumScreens/02-03-2021_15-17-04-loginNuovoNumeroFlowe.png' height='100' width='100' /></a></div> <div><a href=C:\Users\valentino.mancino\appium-eclipseWS\appiumtest/appiumScreens/02-03-2021_15-17-04-loginNuovoNumeroFlowe.png target="_blank">click to open screenshot</a></div> </td> <td>loginNuovoNumeroFlowe </td> <td>Dialog Token Facile - OK </td> </tr>    </table> <br> <table style='width: 100%;'> <tr><th colspan="3">Step: Security Token</th></tr> <tr> <td style='width: 20%' <div > <a href=C:\Users\valentino.mancino\appium-eclipseWS\appiumtest/appiumScreens/02-03-2021_15-17-07-loginNuovoNumeroFlowe.png target="_blank"><img src='C:\Users\valentino.mancino\appium-eclipseWS\appiumtest/appiumScreens/02-03-2021_15-17-07-loginNuovoNumeroFlowe.png' height='100' width='100' /></a></div> <div><a href=C:\Users\valentino.mancino\appium-eclipseWS\appiumtest/appiumScreens/02-03-2021_15-17-07-loginNuovoNumeroFlowe.png target="_blank">click to open screenshot</a></div> </td> <td>loginNuovoNumeroFlowe </td> <td>Confirm Security token00000 </td> </tr>    </table> <br> <table style='width: 100%;'> <tr><th colspan="3">Step: Dialog FingerPrint</th></tr> <tr> <td style='width: 20%' <div > <a href=C:\Users\valentino.mancino\appium-eclipseWS\appiumtest/appiumScreens/02-03-2021_15-17-13-loginNuovoNumeroFlowe.png target="_blank"><img src='C:\Users\valentino.mancino\appium-eclipseWS\appiumtest/appiumScreens/02-03-2021_15-17-13-loginNuovoNumeroFlowe.png' height='100' width='100' /></a></div> <div><a href=C:\Users\valentino.mancino\appium-eclipseWS\appiumtest/appiumScreens/02-03-2021_15-17-13-loginNuovoNumeroFlowe.png target="_blank">click to open screenshot</a></div> </td> <td>loginNuovoNumeroFlowe </td> <td>Skip Dialog FingerPrint </td> </tr>    </table> <br> <table style='width: 100%;'> <tr><th colspan="3">Step: Security Token</th></tr> <tr> <td style='width: 20%' <div > <a href=C:\Users\valentino.mancino\appium-eclipseWS\appiumtest/appiumScreens/02-03-2021_15-17-16-loginNuovoNumeroFlowe.png target="_blank"><img src='C:\Users\valentino.mancino\appium-eclipseWS\appiumtest/appiumScreens/02-03-2021_15-17-16-loginNuovoNumeroFlowe.png' height='100' width='100' /></a></div> <div><a href=C:\Users\valentino.mancino\appium-eclipseWS\appiumtest/appiumScreens/02-03-2021_15-17-16-loginNuovoNumeroFlowe.png target="_blank">click to open screenshot</a></div> </td> <td>loginNuovoNumeroFlowe </td> <td>Security token settato pagina di Successo - ok </td> </tr>    </table> <br> <table style='width: 100%;'> <tr><th colspan="3">Test: null</th></tr> <tr> <td style='width: 20%' <div > <a href=C:\Users\valentino.mancino\appium-eclipseWS\appiumtest/appiumScreens/02-03-2021_15-17-17-loginNuovoNumeroFlowe.png target="_blank"><img src='C:\Users\valentino.mancino\appium-eclipseWS\appiumtest/appiumScreens/02-03-2021_15-17-17-loginNuovoNumeroFlowe.png' height='100' width='100' /></a></div> <div><a href=C:\Users\valentino.mancino\appium-eclipseWS\appiumtest/appiumScreens/02-03-2021_15-17-17-loginNuovoNumeroFlowe.png target="_blank">click to open screenshot</a></div> </td> <td>loginNuovoNumeroFlowe </td> <td>prova </td> </tr>    </table> <br> onTestSuccess take screen Test feature.login.PrimoLogin completato in : 02/03/2021 15:17:16  </system-out>
</testsuite> <!-- feature.login.PrimoLogin -->
