<?xml version="1.0" encoding="UTF-8"?>
<!-- Generated by org.testng.reporters.JUnitReportReporter -->
<testsuite hostname="FGBAL041809" failures="0" tests="2" name="feature.login.PrimoLogin" time="98.422" errors="1" timestamp="2021-03-03T16:59:06 CET" skipped="0">
  <testcase classname="feature.login.PrimoLogin" name="loginNuovoNumeroFlowe" time="45.184"/>
  <system-out>
    <![CDATA[<table style='width: 100%;'>
<tr><th colspan="3">Step: Start App</th></tr>
<tr>
<td style='width: 20%'
<div > <a href=C:\Users\valentino.mancino\appium-eclipseWS\appiumtest\target/appiumScreens/03-03-2021_16-55-19-loginNuovoNumeroFlowe.png target="_blank"><img src='C:\Users\valentino.mancino\appium-eclipseWS\appiumtest\target/appiumScreens/03-03-2021_16-55-19-loginNuovoNumeroFlowe.png' height='100' width='100' /></a></div>
<div><a href=C:\Users\valentino.mancino\appium-eclipseWS\appiumtest\target/appiumScreens/03-03-2021_16-55-19-loginNuovoNumeroFlowe.png target="_blank">click to open screenshot</a></div>
</td>
<td>loginNuovoNumeroFlowe
</td>
<td>Avvio l'applicazione
</td>
</tr>  
 </table>
<br>
<table style='width: 100%;'>
<tr><th colspan="3">Step: Login</th></tr>
<tr>
<td style='width: 20%'
<div > <a href=C:\Users\valentino.mancino\appium-eclipseWS\appiumtest\target/appiumScreens/03-03-2021_16-55-21-loginNuovoNumeroFlowe.png target="_blank"><img src='C:\Users\valentino.mancino\appium-eclipseWS\appiumtest\target/appiumScreens/03-03-2021_16-55-21-loginNuovoNumeroFlowe.png' height='100' width='100' /></a></div>
<div><a href=C:\Users\valentino.mancino\appium-eclipseWS\appiumtest\target/appiumScreens/03-03-2021_16-55-21-loginNuovoNumeroFlowe.png target="_blank">click to open screenshot</a></div>
</td>
<td>loginNuovoNumeroFlowe
</td>
<td>tap ho gia un Account
</td>
</tr>  
 </table>
<br>
<table style='width: 100%;'>
<tr><th colspan="3">Step: Autorizzazione SMS</th></tr>
<tr>
<td style='width: 20%'
<div > <a href=C:\Users\valentino.mancino\appium-eclipseWS\appiumtest\target/appiumScreens/03-03-2021_16-55-22-loginNuovoNumeroFlowe.png target="_blank"><img src='C:\Users\valentino.mancino\appium-eclipseWS\appiumtest\target/appiumScreens/03-03-2021_16-55-22-loginNuovoNumeroFlowe.png' height='100' width='100' /></a></div>
<div><a href=C:\Users\valentino.mancino\appium-eclipseWS\appiumtest\target/appiumScreens/03-03-2021_16-55-22-loginNuovoNumeroFlowe.png target="_blank">click to open screenshot</a></div>
</td>
<td>loginNuovoNumeroFlowe
</td>
<td>OK - autorizza la lettura automatica del codice OTP via SMS
</td>
</tr>  
 </table>
<br>
<table style='width: 100%;'>
<tr><th colspan="3">Step: Android Permission</th></tr>
<tr>
<td style='width: 20%'
<div > <a href=C:\Users\valentino.mancino\appium-eclipseWS\appiumtest\target/appiumScreens/03-03-2021_16-55-24-loginNuovoNumeroFlowe.png target="_blank"><img src='C:\Users\valentino.mancino\appium-eclipseWS\appiumtest\target/appiumScreens/03-03-2021_16-55-24-loginNuovoNumeroFlowe.png' height='100' width='100' /></a></div>
<div><a href=C:\Users\valentino.mancino\appium-eclipseWS\appiumtest\target/appiumScreens/03-03-2021_16-55-24-loginNuovoNumeroFlowe.png target="_blank">click to open screenshot</a></div>
</td>
<td>loginNuovoNumeroFlowe
</td>
<td>accetto i permessi android
</td>
</tr>  
 </table>
<br>
<table style='width: 100%;'>
<tr><th colspan="3">Step: Numero Telefonico</th></tr>
<tr>
<td style='width: 20%'
<div > <a href=C:\Users\valentino.mancino\appium-eclipseWS\appiumtest\target/appiumScreens/03-03-2021_16-55-26-loginNuovoNumeroFlowe.png target="_blank"><img src='C:\Users\valentino.mancino\appium-eclipseWS\appiumtest\target/appiumScreens/03-03-2021_16-55-26-loginNuovoNumeroFlowe.png' height='100' width='100' /></a></div>
<div><a href=C:\Users\valentino.mancino\appium-eclipseWS\appiumtest\target/appiumScreens/03-03-2021_16-55-26-loginNuovoNumeroFlowe.png target="_blank">click to open screenshot</a></div>
</td>
<td>loginNuovoNumeroFlowe
</td>
<td>Inserisco il numero di telefono: 1111110019
</td>
</tr>  
 </table>
<br>
<table style='width: 100%;'>
<tr><th colspan="3">Step: Insert Passcode</th></tr>
<tr>
<td style='width: 20%'
<div > <a href=C:\Users\valentino.mancino\appium-eclipseWS\appiumtest\target/appiumScreens/03-03-2021_16-55-27-loginNuovoNumeroFlowe.png target="_blank"><img src='C:\Users\valentino.mancino\appium-eclipseWS\appiumtest\target/appiumScreens/03-03-2021_16-55-27-loginNuovoNumeroFlowe.png' height='100' width='100' /></a></div>
<div><a href=C:\Users\valentino.mancino\appium-eclipseWS\appiumtest\target/appiumScreens/03-03-2021_16-55-27-loginNuovoNumeroFlowe.png target="_blank">click to open screenshot</a></div>
</td>
<td>loginNuovoNumeroFlowe
</td>
<td>inserisco il passcode: 00000
</td>
</tr>  
 </table>
<br>
<table style='width: 100%;'>
<tr><th colspan="3">Step: Insert SMS code</th></tr>
<tr>
<td style='width: 20%'
<div > <a href=C:\Users\valentino.mancino\appium-eclipseWS\appiumtest\target/appiumScreens/03-03-2021_16-55-31-loginNuovoNumeroFlowe.png target="_blank"><img src='C:\Users\valentino.mancino\appium-eclipseWS\appiumtest\target/appiumScreens/03-03-2021_16-55-31-loginNuovoNumeroFlowe.png' height='100' width='100' /></a></div>
<div><a href=C:\Users\valentino.mancino\appium-eclipseWS\appiumtest\target/appiumScreens/03-03-2021_16-55-31-loginNuovoNumeroFlowe.png target="_blank">click to open screenshot</a></div>
</td>
<td>loginNuovoNumeroFlowe
</td>
<td>inserisco il codice ricevuto via SMS: 123456
</td>
</tr>  
 </table>
<br>
<table style='width: 100%;'>
<tr><th colspan="3">Step: FingerPrint</th></tr>
<tr>
<td style='width: 20%'
<div > <a href=C:\Users\valentino.mancino\appium-eclipseWS\appiumtest\target/appiumScreens/03-03-2021_16-55-33-loginNuovoNumeroFlowe.png target="_blank"><img src='C:\Users\valentino.mancino\appium-eclipseWS\appiumtest\target/appiumScreens/03-03-2021_16-55-33-loginNuovoNumeroFlowe.png' height='100' width='100' /></a></div>
<div><a href=C:\Users\valentino.mancino\appium-eclipseWS\appiumtest\target/appiumScreens/03-03-2021_16-55-33-loginNuovoNumeroFlowe.png target="_blank">click to open screenshot</a></div>
</td>
<td>loginNuovoNumeroFlowe
</td>
<td>Skip Biometric
</td>
</tr>  
 </table>
<br>
<table style='width: 100%;'>
<tr><th colspan="3">Step: Banner</th></tr>
<tr>
<td style='width: 20%'
<div > <a href=C:\Users\valentino.mancino\appium-eclipseWS\appiumtest\target/appiumScreens/03-03-2021_16-55-35-loginNuovoNumeroFlowe.png target="_blank"><img src='C:\Users\valentino.mancino\appium-eclipseWS\appiumtest\target/appiumScreens/03-03-2021_16-55-35-loginNuovoNumeroFlowe.png' height='100' width='100' /></a></div>
<div><a href=C:\Users\valentino.mancino\appium-eclipseWS\appiumtest\target/appiumScreens/03-03-2021_16-55-35-loginNuovoNumeroFlowe.png target="_blank">click to open screenshot</a></div>
</td>
<td>loginNuovoNumeroFlowe
</td>
<td>Skip banner 1
</td>
</tr>  
 </table>
<br>
<table style='width: 100%;'>
<tr><th colspan="3">Step: Banner</th></tr>
<tr>
<td style='width: 20%'
<div > <a href=C:\Users\valentino.mancino\appium-eclipseWS\appiumtest\target/appiumScreens/03-03-2021_16-55-36-loginNuovoNumeroFlowe.png target="_blank"><img src='C:\Users\valentino.mancino\appium-eclipseWS\appiumtest\target/appiumScreens/03-03-2021_16-55-36-loginNuovoNumeroFlowe.png' height='100' width='100' /></a></div>
<div><a href=C:\Users\valentino.mancino\appium-eclipseWS\appiumtest\target/appiumScreens/03-03-2021_16-55-36-loginNuovoNumeroFlowe.png target="_blank">click to open screenshot</a></div>
</td>
<td>loginNuovoNumeroFlowe
</td>
<td>Skip banner 2
</td>
</tr>  
 </table>
<br>
<table style='width: 100%;'>
<tr><th colspan="3">Step: Banner</th></tr>
<tr>
<td style='width: 20%'
<div > <a href=C:\Users\valentino.mancino\appium-eclipseWS\appiumtest\target/appiumScreens/03-03-2021_16-55-36-loginNuovoNumeroFlowe.png target="_blank"><img src='C:\Users\valentino.mancino\appium-eclipseWS\appiumtest\target/appiumScreens/03-03-2021_16-55-36-loginNuovoNumeroFlowe.png' height='100' width='100' /></a></div>
<div><a href=C:\Users\valentino.mancino\appium-eclipseWS\appiumtest\target/appiumScreens/03-03-2021_16-55-36-loginNuovoNumeroFlowe.png target="_blank">click to open screenshot</a></div>
</td>
<td>loginNuovoNumeroFlowe
</td>
<td>Skip banner 3
</td>
</tr>  
 </table>
<br>
<table style='width: 100%;'>
<tr><th colspan="3">Step: Money</th></tr>
<tr>
<td style='width: 20%'
<div > <a href=C:\Users\valentino.mancino\appium-eclipseWS\appiumtest\target/appiumScreens/03-03-2021_16-55-40-loginNuovoNumeroFlowe.png target="_blank"><img src='C:\Users\valentino.mancino\appium-eclipseWS\appiumtest\target/appiumScreens/03-03-2021_16-55-40-loginNuovoNumeroFlowe.png' height='100' width='100' /></a></div>
<div><a href=C:\Users\valentino.mancino\appium-eclipseWS\appiumtest\target/appiumScreens/03-03-2021_16-55-40-loginNuovoNumeroFlowe.png target="_blank">click to open screenshot</a></div>
</td>
<td>loginNuovoNumeroFlowe
</td>
<td>money page (jump)
</td>
</tr>  
 </table>
<br>
<table style='width: 100%;'>
<tr><th colspan="3">Step: Security Token Banner</th></tr>
<tr>
<td style='width: 20%'
<div > <a href=C:\Users\valentino.mancino\appium-eclipseWS\appiumtest\target/appiumScreens/03-03-2021_16-55-41-loginNuovoNumeroFlowe.png target="_blank"><img src='C:\Users\valentino.mancino\appium-eclipseWS\appiumtest\target/appiumScreens/03-03-2021_16-55-41-loginNuovoNumeroFlowe.png' height='100' width='100' /></a></div>
<div><a href=C:\Users\valentino.mancino\appium-eclipseWS\appiumtest\target/appiumScreens/03-03-2021_16-55-41-loginNuovoNumeroFlowe.png target="_blank">click to open screenshot</a></div>
</td>
<td>loginNuovoNumeroFlowe
</td>
<td>Visualizzo il Dialog per il security token
</td>
</tr>  
 </table>
<br>
<table style='width: 100%;'>
<tr><th colspan="3">Step: Security Token</th></tr>
<tr>
<td style='width: 20%'
<div > <a href=C:\Users\valentino.mancino\appium-eclipseWS\appiumtest\target/appiumScreens/03-03-2021_16-55-44-loginNuovoNumeroFlowe.png target="_blank"><img src='C:\Users\valentino.mancino\appium-eclipseWS\appiumtest\target/appiumScreens/03-03-2021_16-55-44-loginNuovoNumeroFlowe.png' height='100' width='100' /></a></div>
<div><a href=C:\Users\valentino.mancino\appium-eclipseWS\appiumtest\target/appiumScreens/03-03-2021_16-55-44-loginNuovoNumeroFlowe.png target="_blank">click to open screenshot</a></div>
</td>
<td>loginNuovoNumeroFlowe
</td>
<td>Insert PassCode: 00000
</td>
</tr>  
 </table>
<br>
<table style='width: 100%;'>
<tr><th colspan="3">Step: Security Token</th></tr>
<tr>
<td style='width: 20%'
<div > <a href=C:\Users\valentino.mancino\appium-eclipseWS\appiumtest\target/appiumScreens/03-03-2021_16-55-48-loginNuovoNumeroFlowe.png target="_blank"><img src='C:\Users\valentino.mancino\appium-eclipseWS\appiumtest\target/appiumScreens/03-03-2021_16-55-48-loginNuovoNumeroFlowe.png' height='100' width='100' /></a></div>
<div><a href=C:\Users\valentino.mancino\appium-eclipseWS\appiumtest\target/appiumScreens/03-03-2021_16-55-48-loginNuovoNumeroFlowe.png target="_blank">click to open screenshot</a></div>
</td>
<td>loginNuovoNumeroFlowe
</td>
<td>Confirm Security token00000
</td>
</tr>  
 </table>
<br>
<table style='width: 100%;'>
<tr><th colspan="3">Step: Security Token</th></tr>
<tr>
<td style='width: 20%'
<div > <a href=C:\Users\valentino.mancino\appium-eclipseWS\appiumtest\target/appiumScreens/03-03-2021_16-55-50-loginNuovoNumeroFlowe.png target="_blank"><img src='C:\Users\valentino.mancino\appium-eclipseWS\appiumtest\target/appiumScreens/03-03-2021_16-55-50-loginNuovoNumeroFlowe.png' height='100' width='100' /></a></div>
<div><a href=C:\Users\valentino.mancino\appium-eclipseWS\appiumtest\target/appiumScreens/03-03-2021_16-55-50-loginNuovoNumeroFlowe.png target="_blank">click to open screenshot</a></div>
</td>
<td>loginNuovoNumeroFlowe
</td>
<td>Dialog Token Facile - OK
</td>
</tr>  
 </table>
<br>
<table style='width: 100%;'>
<tr><th colspan="3">Step: Security Token</th></tr>
<tr>
<td style='width: 20%'
<div > <a href=C:\Users\valentino.mancino\appium-eclipseWS\appiumtest\target/appiumScreens/03-03-2021_16-55-52-loginNuovoNumeroFlowe.png target="_blank"><img src='C:\Users\valentino.mancino\appium-eclipseWS\appiumtest\target/appiumScreens/03-03-2021_16-55-52-loginNuovoNumeroFlowe.png' height='100' width='100' /></a></div>
<div><a href=C:\Users\valentino.mancino\appium-eclipseWS\appiumtest\target/appiumScreens/03-03-2021_16-55-52-loginNuovoNumeroFlowe.png target="_blank">click to open screenshot</a></div>
</td>
<td>loginNuovoNumeroFlowe
</td>
<td>Confirm Security token00000
</td>
</tr>  
 </table>
<br>
<table style='width: 100%;'>
<tr><th colspan="3">Step: Dialog FingerPrint</th></tr>
<tr>
<td style='width: 20%'
<div > <a href=C:\Users\valentino.mancino\appium-eclipseWS\appiumtest\target/appiumScreens/03-03-2021_16-55-59-loginNuovoNumeroFlowe.png target="_blank"><img src='C:\Users\valentino.mancino\appium-eclipseWS\appiumtest\target/appiumScreens/03-03-2021_16-55-59-loginNuovoNumeroFlowe.png' height='100' width='100' /></a></div>
<div><a href=C:\Users\valentino.mancino\appium-eclipseWS\appiumtest\target/appiumScreens/03-03-2021_16-55-59-loginNuovoNumeroFlowe.png target="_blank">click to open screenshot</a></div>
</td>
<td>loginNuovoNumeroFlowe
</td>
<td>Skip Dialog FingerPrint
</td>
</tr>  
 </table>
<br>
<table style='width: 100%;'>
<tr><th colspan="3">Step: Security Token</th></tr>
<tr>
<td style='width: 20%'
<div > <a href=C:\Users\valentino.mancino\appium-eclipseWS\appiumtest\target/appiumScreens/03-03-2021_16-56-02-loginNuovoNumeroFlowe.png target="_blank"><img src='C:\Users\valentino.mancino\appium-eclipseWS\appiumtest\target/appiumScreens/03-03-2021_16-56-02-loginNuovoNumeroFlowe.png' height='100' width='100' /></a></div>
<div><a href=C:\Users\valentino.mancino\appium-eclipseWS\appiumtest\target/appiumScreens/03-03-2021_16-56-02-loginNuovoNumeroFlowe.png target="_blank">click to open screenshot</a></div>
</td>
<td>loginNuovoNumeroFlowe
</td>
<td>Security token settato pagina di Successo - ok
</td>
</tr>  
 </table>
<br>
<table style='width: 100%;'>
<tr><th colspan="3">Test: null</th></tr>
<tr>
<td style='width: 20%'
<div > <a href=C:\Users\valentino.mancino\appium-eclipseWS\appiumtest\target/appiumScreens/03-03-2021_16-56-04-loginNuovoNumeroFlowe.png target="_blank"><img src='C:\Users\valentino.mancino\appium-eclipseWS\appiumtest\target/appiumScreens/03-03-2021_16-56-04-loginNuovoNumeroFlowe.png' height='100' width='100' /></a></div>
<div><a href=C:\Users\valentino.mancino\appium-eclipseWS\appiumtest\target/appiumScreens/03-03-2021_16-56-04-loginNuovoNumeroFlowe.png target="_blank">click to open screenshot</a></div>
</td>
<td>loginNuovoNumeroFlowe
</td>
<td>prova
</td>
</tr>  
 </table>
<br>
onTestSuccess take screen
Test feature.login.PrimoLogin completato in : 03/03/2021 16:56:03]]>
  </system-out>
  <testcase classname="feature.login.PrimoLogin" name="loginNuovoNumeroFlowe" time="53.238">
    <error message="Expected condition failed: waiting for element to be clickable: By.id: bm0.zero.tier2:id/otpPinEntry (tried for 40 second(s) with 500 milliseconds interval)" type="org.openqa.selenium.TimeoutException">
      <![CDATA[org.openqa.selenium.TimeoutException: Expected condition failed: waiting for element to be clickable: By.id: bm0.zero.tier2:id/otpPinEntry (tried for 40 second(s) with 500 milliseconds interval)
at org.openqa.selenium.support.ui.WebDriverWait.timeoutException(WebDriverWait.java:95)
at org.openqa.selenium.support.ui.FluentWait.until(FluentWait.java:272)
at feature.login.PrimoLogin.loginNuovoNumeroFlowe(PrimoLogin.java:131)
at java.base/jdk.internal.reflect.NativeMethodAccessorImpl.invoke0(Native Method)
at java.base/jdk.internal.reflect.NativeMethodAccessorImpl.invoke(NativeMethodAccessorImpl.java:62)
at java.base/jdk.internal.reflect.DelegatingMethodAccessorImpl.invoke(DelegatingMethodAccessorImpl.java:43)
at java.base/java.lang.reflect.Method.invoke(Method.java:567)
at org.testng.internal.MethodInvocationHelper.invokeMethod(MethodInvocationHelper.java:133)
at org.testng.internal.TestInvoker.invokeMethod(TestInvoker.java:598)
at org.testng.internal.TestInvoker.invokeTestMethod(TestInvoker.java:173)
at org.testng.internal.MethodRunner.runInSequence(MethodRunner.java:46)
at org.testng.internal.TestInvoker$MethodInvocationAgent.invoke(TestInvoker.java:824)
at org.testng.internal.TestInvoker.invokeTestMethods(TestInvoker.java:146)
at org.testng.internal.TestMethodWorker.invokeTestMethods(TestMethodWorker.java:146)
at org.testng.internal.TestMethodWorker.run(TestMethodWorker.java:128)
at java.base/java.util.ArrayList.forEach(ArrayList.java:1507)
at org.testng.TestRunner.privateRun(TestRunner.java:794)
at org.testng.TestRunner.run(TestRunner.java:596)
at org.testng.SuiteRunner.runTest(SuiteRunner.java:377)
at org.testng.SuiteRunner.runSequentially(SuiteRunner.java:371)
at org.testng.SuiteRunner.privateRun(SuiteRunner.java:332)
at org.testng.SuiteRunner.run(SuiteRunner.java:276)
at org.testng.SuiteRunnerWorker.runSuite(SuiteRunnerWorker.java:53)
at org.testng.SuiteRunnerWorker.run(SuiteRunnerWorker.java:96)
at org.testng.TestNG.runSuitesSequentially(TestNG.java:1212)
at org.testng.TestNG.runSuitesLocally(TestNG.java:1134)
at org.testng.TestNG.runSuites(TestNG.java:1063)
at org.testng.TestNG.run(TestNG.java:1031)
at testNG.NGMethod.testRunner(NGMethod.java:129)
at appiumtest.AppiumTest.main(AppiumTest.java:62)
Caused by: org.openqa.selenium.NoSuchElementException: An element could not be located on the page using the given search parameters.
For documentation on this error, please visit: https://www.seleniumhq.org/exceptions/no_such_element.html
Build info: version: 'unknown', revision: 'unknown', time: 'unknown'
System info: host: 'FGBAL041809', ip: '192.168.1.205', os.name: 'Windows 10', os.arch: 'amd64', os.version: '10.0', java.version: '13'
Driver info: io.appium.java_client.android.AndroidDriver
Capabilities {appActivity: bm0.zero.tier2.app.ZeroSpla..., appPackage: bm0.zero.tier2, databaseEnabled: false, desired: {appActivity: bm0.zero.tier2.app.ZeroSpla..., appPackage: bm0.zero.tier2, deviceName: SM-A510F, platformName: android, platformVersions: 7.0, udid: 33001164d113a25d}, deviceApiLevel: 24, deviceManufacturer: samsung, deviceModel: SM-A510F, deviceName: 33001164d113a25d, deviceScreenDensity: 480, deviceScreenSize: 1080x1920, deviceUDID: 33001164d113a25d, javascriptEnabled: true, locationContextEnabled: false, networkConnectionEnabled: true, pixelRatio: 3, platform: LINUX, platformName: Android, platformVersion: 7.0, platformVersions: 7.0, statBarHeight: 72, takesScreenshot: true, udid: 33001164d113a25d, viewportRect: {height: 1848, left: 0, top: 72, width: 1080}, warnings: {}, webStorageEnabled: false}
Session ID: 1db09d6d-423e-423d-a9c5-fd886ba40703
*** Element info: {Using=id, value=bm0.zero.tier2:id/otpPinEntry}
at jdk.internal.reflect.GeneratedConstructorAccessor37.newInstance(Unknown Source)
at java.base/jdk.internal.reflect.DelegatingConstructorAccessorImpl.newInstance(DelegatingConstructorAccessorImpl.java:45)
at java.base/java.lang.reflect.Constructor.newInstanceWithCaller(Constructor.java:500)
at java.base/java.lang.reflect.Constructor.newInstance(Constructor.java:481)
at org.openqa.selenium.remote.http.W3CHttpResponseCodec.createException(W3CHttpResponseCodec.java:187)
at org.openqa.selenium.remote.http.W3CHttpResponseCodec.decode(W3CHttpResponseCodec.java:122)
at org.openqa.selenium.remote.http.W3CHttpResponseCodec.decode(W3CHttpResponseCodec.java:49)
at org.openqa.selenium.remote.HttpCommandExecutor.execute(HttpCommandExecutor.java:158)
at io.appium.java_client.remote.AppiumCommandExecutor.execute(AppiumCommandExecutor.java:247)
at org.openqa.selenium.remote.RemoteWebDriver.execute(RemoteWebDriver.java:552)
at io.appium.java_client.DefaultGenericMobileDriver.execute(DefaultGenericMobileDriver.java:41)
at io.appium.java_client.AppiumDriver.execute(AppiumDriver.java:1)
at io.appium.java_client.android.AndroidDriver.execute(AndroidDriver.java:1)
at org.openqa.selenium.remote.RemoteWebDriver.findElement(RemoteWebDriver.java:323)
at io.appium.java_client.DefaultGenericMobileDriver.findElement(DefaultGenericMobileDriver.java:61)
at io.appium.java_client.AppiumDriver.findElement(AppiumDriver.java:1)
at io.appium.java_client.android.AndroidDriver.findElement(AndroidDriver.java:1)
at org.openqa.selenium.remote.RemoteWebDriver.findElementById(RemoteWebDriver.java:372)
at io.appium.java_client.DefaultGenericMobileDriver.findElementById(DefaultGenericMobileDriver.java:69)
at io.appium.java_client.AppiumDriver.findElementById(AppiumDriver.java:1)
at io.appium.java_client.android.AndroidDriver.findElementById(AndroidDriver.java:1)
at org.openqa.selenium.By$ById.findElement(By.java:188)
at org.openqa.selenium.remote.RemoteWebDriver.findElement(RemoteWebDriver.java:315)
at io.appium.java_client.DefaultGenericMobileDriver.findElement(DefaultGenericMobileDriver.java:57)
at io.appium.java_client.AppiumDriver.findElement(AppiumDriver.java:1)
at io.appium.java_client.android.AndroidDriver.findElement(AndroidDriver.java:1)
at org.openqa.selenium.support.ui.ExpectedConditions$7.apply(ExpectedConditions.java:205)
at org.openqa.selenium.support.ui.ExpectedConditions$7.apply(ExpectedConditions.java:201)
at org.openqa.selenium.support.ui.ExpectedConditions$22.apply(ExpectedConditions.java:641)
at org.openqa.selenium.support.ui.ExpectedConditions$22.apply(ExpectedConditions.java:638)
at org.openqa.selenium.support.ui.FluentWait.until(FluentWait.java:249)
... 28 more
]]>
    </error>
  </testcase> <!-- loginNuovoNumeroFlowe -->
  <system-out>
    <![CDATA[<table style='width: 100%;'>
<tr><th colspan="3">Step: Start App</th></tr>
<tr>
<td style='width: 20%'
<div > <a href=C:\Users\valentino.mancino\appium-eclipseWS\appiumtest\target/appiumScreens/03-03-2021_16-57-29-loginNuovoNumeroFlowe.png target="_blank"><img src='C:\Users\valentino.mancino\appium-eclipseWS\appiumtest\target/appiumScreens/03-03-2021_16-57-29-loginNuovoNumeroFlowe.png' height='100' width='100' /></a></div>
<div><a href=C:\Users\valentino.mancino\appium-eclipseWS\appiumtest\target/appiumScreens/03-03-2021_16-57-29-loginNuovoNumeroFlowe.png target="_blank">click to open screenshot</a></div>
</td>
<td>loginNuovoNumeroFlowe
</td>
<td>Avvio l'applicazione
</td>
</tr>  
 </table>
<br>
<table style='width: 100%;'>
<tr><th colspan="3">Step: Login</th></tr>
<tr>
<td style='width: 20%'
<div > <a href=C:\Users\valentino.mancino\appium-eclipseWS\appiumtest\target/appiumScreens/03-03-2021_16-57-31-loginNuovoNumeroFlowe.png target="_blank"><img src='C:\Users\valentino.mancino\appium-eclipseWS\appiumtest\target/appiumScreens/03-03-2021_16-57-31-loginNuovoNumeroFlowe.png' height='100' width='100' /></a></div>
<div><a href=C:\Users\valentino.mancino\appium-eclipseWS\appiumtest\target/appiumScreens/03-03-2021_16-57-31-loginNuovoNumeroFlowe.png target="_blank">click to open screenshot</a></div>
</td>
<td>loginNuovoNumeroFlowe
</td>
<td>tap ho gia un Account
</td>
</tr>  
 </table>
<br>
<table style='width: 100%;'>
<tr><th colspan="3">Step: Autorizzazione SMS</th></tr>
<tr>
<td style='width: 20%'
<div > <a href=C:\Users\valentino.mancino\appium-eclipseWS\appiumtest\target/appiumScreens/03-03-2021_16-57-32-loginNuovoNumeroFlowe.png target="_blank"><img src='C:\Users\valentino.mancino\appium-eclipseWS\appiumtest\target/appiumScreens/03-03-2021_16-57-32-loginNuovoNumeroFlowe.png' height='100' width='100' /></a></div>
<div><a href=C:\Users\valentino.mancino\appium-eclipseWS\appiumtest\target/appiumScreens/03-03-2021_16-57-32-loginNuovoNumeroFlowe.png target="_blank">click to open screenshot</a></div>
</td>
<td>loginNuovoNumeroFlowe
</td>
<td>OK - autorizza la lettura automatica del codice OTP via SMS
</td>
</tr>  
 </table>
<br>
<table style='width: 100%;'>
<tr><th colspan="3">Step: Android Permission</th></tr>
<tr>
<td style='width: 20%'
<div > <a href=C:\Users\valentino.mancino\appium-eclipseWS\appiumtest\target/appiumScreens/03-03-2021_16-57-34-loginNuovoNumeroFlowe.png target="_blank"><img src='C:\Users\valentino.mancino\appium-eclipseWS\appiumtest\target/appiumScreens/03-03-2021_16-57-34-loginNuovoNumeroFlowe.png' height='100' width='100' /></a></div>
<div><a href=C:\Users\valentino.mancino\appium-eclipseWS\appiumtest\target/appiumScreens/03-03-2021_16-57-34-loginNuovoNumeroFlowe.png target="_blank">click to open screenshot</a></div>
</td>
<td>loginNuovoNumeroFlowe
</td>
<td>accetto i permessi android
</td>
</tr>  
 </table>
<br>
<table style='width: 100%;'>
<tr><th colspan="3">Step: Numero Telefonico</th></tr>
<tr>
<td style='width: 20%'
<div > <a href=C:\Users\valentino.mancino\appium-eclipseWS\appiumtest\target/appiumScreens/03-03-2021_16-57-36-loginNuovoNumeroFlowe.png target="_blank"><img src='C:\Users\valentino.mancino\appium-eclipseWS\appiumtest\target/appiumScreens/03-03-2021_16-57-36-loginNuovoNumeroFlowe.png' height='100' width='100' /></a></div>
<div><a href=C:\Users\valentino.mancino\appium-eclipseWS\appiumtest\target/appiumScreens/03-03-2021_16-57-36-loginNuovoNumeroFlowe.png target="_blank">click to open screenshot</a></div>
</td>
<td>loginNuovoNumeroFlowe
</td>
<td>Inserisco il numero di telefono: 3346309237
</td>
</tr>  
 </table>
<br>
<table style='width: 100%;'>
<tr><th colspan="3">Step: Insert Passcode</th></tr>
<tr>
<td style='width: 20%'
<div > <a href=C:\Users\valentino.mancino\appium-eclipseWS\appiumtest\target/appiumScreens/03-03-2021_16-57-40-loginNuovoNumeroFlowe.png target="_blank"><img src='C:\Users\valentino.mancino\appium-eclipseWS\appiumtest\target/appiumScreens/03-03-2021_16-57-40-loginNuovoNumeroFlowe.png' height='100' width='100' /></a></div>
<div><a href=C:\Users\valentino.mancino\appium-eclipseWS\appiumtest\target/appiumScreens/03-03-2021_16-57-40-loginNuovoNumeroFlowe.png target="_blank">click to open screenshot</a></div>
</td>
<td>loginNuovoNumeroFlowe
</td>
<td>inserisco il passcode: 00000
</td>
</tr>  
 </table>
<br>
<table style='width: 100%;'>
<tr><th colspan="3">Test: null</th></tr>
<tr>
<td style='width: 20%'
<div > <a href=C:\Users\valentino.mancino\appium-eclipseWS\appiumtest\target/appiumScreens/03-03-2021_16-58-22-loginNuovoNumeroFlowe.png target="_blank"><img src='C:\Users\valentino.mancino\appium-eclipseWS\appiumtest\target/appiumScreens/03-03-2021_16-58-22-loginNuovoNumeroFlowe.png' height='100' width='100' /></a></div>
<div><a href=C:\Users\valentino.mancino\appium-eclipseWS\appiumtest\target/appiumScreens/03-03-2021_16-58-22-loginNuovoNumeroFlowe.png target="_blank">click to open screenshot</a></div>
</td>
<td>loginNuovoNumeroFlowe
</td>
<td>prova
</td>
</tr>  
 </table>
<br>
Test loginNuovoNumeroFlowe fallito : 2]]>
  </system-out>
</testsuite> <!-- feature.login.PrimoLogin -->
