<?xml version="1.0" encoding="UTF-8"?>
<!-- Generated by org.testng.reporters.JUnitReportReporter -->
<testsuite hostname="FGBAL041809" failures="0" tests="1" name="feature.login.SoloLogin" time="8.271" errors="0" timestamp="2021-03-02T16:43:31 CET" skipped="0">
  <testcase classname="feature.login.SoloLogin" name="onlyLogin" time="8.271"/>
  <system-out>
<table style='width: 100%;'> <tr><th colspan="3">Step: Solo Login</th></tr> <tr> <td style='width: 20%' <div > <a href=C:\Users\valentino.mancino\appium-eclipseWS\appiumtest/appiumScreens/02-03-2021_16-43-22-onlyLogin.png target="_blank"><img src='C:\Users\valentino.mancino\appium-eclipseWS\appiumtest/appiumScreens/02-03-2021_16-43-22-onlyLogin.png' height='100' width='100' /></a></div> <div><a href=C:\Users\valentino.mancino\appium-eclipseWS\appiumtest/appiumScreens/02-03-2021_16-43-22-onlyLogin.png target="_blank">click to open screenshot</a></div> </td> <td>onlyLogin </td> <td>Avvio l'applicazione </td> </tr>    </table> <br> <table style='width: 100%;'> <tr><th colspan="3">Step: Insert PassCode</th></tr> <tr> <td style='width: 20%' <div > <a href=C:\Users\valentino.mancino\appium-eclipseWS\appiumtest/appiumScreens/02-03-2021_16-43-24-onlyLogin.png target="_blank"><img src='C:\Users\valentino.mancino\appium-eclipseWS\appiumtest/appiumScreens/02-03-2021_16-43-24-onlyLogin.png' height='100' width='100' /></a></div> <div><a href=C:\Users\valentino.mancino\appium-eclipseWS\appiumtest/appiumScreens/02-03-2021_16-43-24-onlyLogin.png target="_blank">click to open screenshot</a></div> </td> <td>onlyLogin </td> <td>Inserisco il passcode: 00000 </td> </tr>    </table> <br> <table style='width: 100%;'> <tr><th colspan="3">Test: null</th></tr> <tr> <td style='width: 20%' <div > <a href=C:\Users\valentino.mancino\appium-eclipseWS\appiumtest/appiumScreens/02-03-2021_16-43-30-onlyLogin.png target="_blank"><img src='C:\Users\valentino.mancino\appium-eclipseWS\appiumtest/appiumScreens/02-03-2021_16-43-30-onlyLogin.png' height='100' width='100' /></a></div> <div><a href=C:\Users\valentino.mancino\appium-eclipseWS\appiumtest/appiumScreens/02-03-2021_16-43-30-onlyLogin.png target="_blank">click to open screenshot</a></div> </td> <td>onlyLogin </td> <td>prova </td> </tr>    </table> <br> onTestSuccess take screen Test feature.login.SoloLogin completato in : 02/03/2021 16:43:29  </system-out>
</testsuite> <!-- feature.login.SoloLogin -->
